<?xml version="1.0" encoding="UTF-8"?>
<!-- Generated by org.testng.reporters.JUnitReportReporter -->
<testsuite hostname="DESKTOP-PBJ49E2" failures="0" tests="2" name="lynk.Manager.ContactDocumentationTest" time="2.940" errors="1" timestamp="2021-01-26T11:59:41 IST" skipped="1">
  <testcase classname="lynk.Manager.ContactDocumentationTest" name="browserLaunching" time="2.940">
    <error message="session not created: This version of ChromeDriver only supports Chrome version 86
Current browser version is 88.0.4324.104 with binary path C:\Program Files\Google\Chrome\Application\chrome.exe
Build info: version: &#039;3.141.59&#039;, revision: &#039;e82be7d358&#039;, time: &#039;2018-11-14T08:17:03&#039;
System info: host: &#039;DESKTOP-PBJ49E2&#039;, ip: &#039;192.168.56.1&#039;, os.name: &#039;Windows 10&#039;, os.arch: &#039;amd64&#039;, os.version: &#039;10.0&#039;, java.version: &#039;15.0.1&#039;
Driver info: driver.version: ChromeDriver
remote stacktrace: Backtrace:
	Ordinal0 [0x0054C013+3194899]
	Ordinal0 [0x00436021+2056225]
	Ordinal0 [0x002CF608+587272]
	Ordinal0 [0x00251BF3+72691]
	Ordinal0 [0x0024E229+57897]
	Ordinal0 [0x0024C64A+50762]
	Ordinal0 [0x00271EE9+204521]
	Ordinal0 [0x00271D0D+204045]
	Ordinal0 [0x0026FC1B+195611]
	Ordinal0 [0x00253B7F+80767]
	Ordinal0 [0x00254B4E+84814]
	Ordinal0 [0x00254AD9+84697]
	Ordinal0 [0x0044CE64+2149988]
	GetHandleVerifier [0x006BBE95+1400773]
	GetHandleVerifier [0x006BBB61+1399953]
	GetHandleVerifier [0x006C31FA+1430314]
	GetHandleVerifier [0x006BC69F+1402831]
	Ordinal0 [0x00443D61+2112865]
	Ordinal0 [0x0044E5CB+2155979]
	Ordinal0 [0x0044E6F5+2156277]
	Ordinal0 [0x0045F26E+2224750]
	BaseThreadInitThunk [0x76D16359+25]
	RtlGetAppContainerNamedObjectPath [0x770A8944+228]
	RtlGetAppContainerNamedObjectPath [0x770A8914+180]
" type="org.openqa.selenium.SessionNotCreatedException">
      <![CDATA[org.openqa.selenium.SessionNotCreatedException: session not created: This version of ChromeDriver only supports Chrome version 86
Current browser version is 88.0.4324.104 with binary path C:\Program Files\Google\Chrome\Application\chrome.exe
Build info: version: '3.141.59', revision: 'e82be7d358', time: '2018-11-14T08:17:03'
System info: host: 'DESKTOP-PBJ49E2', ip: '192.168.56.1', os.name: 'Windows 10', os.arch: 'amd64', os.version: '10.0', java.version: '15.0.1'
Driver info: driver.version: ChromeDriver
remote stacktrace: Backtrace:
Ordinal0 [0x0054C013+3194899]
Ordinal0 [0x00436021+2056225]
Ordinal0 [0x002CF608+587272]
Ordinal0 [0x00251BF3+72691]
Ordinal0 [0x0024E229+57897]
Ordinal0 [0x0024C64A+50762]
Ordinal0 [0x00271EE9+204521]
Ordinal0 [0x00271D0D+204045]
Ordinal0 [0x0026FC1B+195611]
Ordinal0 [0x00253B7F+80767]
Ordinal0 [0x00254B4E+84814]
Ordinal0 [0x00254AD9+84697]
Ordinal0 [0x0044CE64+2149988]
GetHandleVerifier [0x006BBE95+1400773]
GetHandleVerifier [0x006BBB61+1399953]
GetHandleVerifier [0x006C31FA+1430314]
GetHandleVerifier [0x006BC69F+1402831]
Ordinal0 [0x00443D61+2112865]
Ordinal0 [0x0044E5CB+2155979]
Ordinal0 [0x0044E6F5+2156277]
Ordinal0 [0x0045F26E+2224750]
BaseThreadInitThunk [0x76D16359+25]
RtlGetAppContainerNamedObjectPath [0x770A8944+228]
RtlGetAppContainerNamedObjectPath [0x770A8914+180]

at java.base/jdk.internal.reflect.NativeConstructorAccessorImpl.newInstance0(Native Method)
at java.base/jdk.internal.reflect.NativeConstructorAccessorImpl.newInstance(NativeConstructorAccessorImpl.java:64)
at java.base/jdk.internal.reflect.DelegatingConstructorAccessorImpl.newInstance(DelegatingConstructorAccessorImpl.java:45)
at java.base/java.lang.reflect.Constructor.newInstanceWithCaller(Constructor.java:500)
at java.base/java.lang.reflect.Constructor.newInstance(Constructor.java:481)
at org.openqa.selenium.remote.W3CHandshakeResponse.lambda$errorHandler$0(W3CHandshakeResponse.java:62)
at org.openqa.selenium.remote.HandshakeResponse.lambda$getResponseFunction$0(HandshakeResponse.java:30)
at org.openqa.selenium.remote.ProtocolHandshake.lambda$createSession$0(ProtocolHandshake.java:126)
at java.base/java.util.stream.ReferencePipeline$3$1.accept(ReferencePipeline.java:195)
at java.base/java.util.Spliterators$ArraySpliterator.tryAdvance(Spliterators.java:958)
at java.base/java.util.stream.ReferencePipeline.forEachWithCancel(ReferencePipeline.java:127)
at java.base/java.util.stream.AbstractPipeline.copyIntoWithCancel(AbstractPipeline.java:502)
at java.base/java.util.stream.AbstractPipeline.copyInto(AbstractPipeline.java:488)
at java.base/java.util.stream.AbstractPipeline.wrapAndCopyInto(AbstractPipeline.java:474)
at java.base/java.util.stream.FindOps$FindOp.evaluateSequential(FindOps.java:150)
at java.base/java.util.stream.AbstractPipeline.evaluate(AbstractPipeline.java:234)
at java.base/java.util.stream.ReferencePipeline.findFirst(ReferencePipeline.java:543)
at org.openqa.selenium.remote.ProtocolHandshake.createSession(ProtocolHandshake.java:128)
at org.openqa.selenium.remote.ProtocolHandshake.createSession(ProtocolHandshake.java:74)
at org.openqa.selenium.remote.HttpCommandExecutor.execute(HttpCommandExecutor.java:136)
at org.openqa.selenium.remote.service.DriverCommandExecutor.execute(DriverCommandExecutor.java:83)
at org.openqa.selenium.remote.RemoteWebDriver.execute(RemoteWebDriver.java:552)
at org.openqa.selenium.remote.RemoteWebDriver.startSession(RemoteWebDriver.java:213)
at org.openqa.selenium.remote.RemoteWebDriver.<init>(RemoteWebDriver.java:131)
at org.openqa.selenium.chrome.ChromeDriver.<init>(ChromeDriver.java:181)
at org.openqa.selenium.chrome.ChromeDriver.<init>(ChromeDriver.java:168)
at org.openqa.selenium.chrome.ChromeDriver.<init>(ChromeDriver.java:123)
at lynk.Manager.DefaultProgram.browserLaunching(DefaultProgram.java:30)
at java.base/jdk.internal.reflect.NativeMethodAccessorImpl.invoke0(Native Method)
at java.base/jdk.internal.reflect.NativeMethodAccessorImpl.invoke(NativeMethodAccessorImpl.java:64)
at java.base/jdk.internal.reflect.DelegatingMethodAccessorImpl.invoke(DelegatingMethodAccessorImpl.java:43)
at java.base/java.lang.reflect.Method.invoke(Method.java:564)
at org.testng.internal.MethodInvocationHelper.invokeMethod(MethodInvocationHelper.java:132)
at org.testng.internal.MethodInvocationHelper.invokeMethodConsideringTimeout(MethodInvocationHelper.java:61)
at org.testng.internal.ConfigInvoker.invokeConfigurationMethod(ConfigInvoker.java:366)
at org.testng.internal.ConfigInvoker.invokeConfigurations(ConfigInvoker.java:320)
at org.testng.SuiteRunner.privateRun(SuiteRunner.java:327)
at org.testng.SuiteRunner.run(SuiteRunner.java:286)
at org.testng.SuiteRunnerWorker.runSuite(SuiteRunnerWorker.java:53)
at org.testng.SuiteRunnerWorker.run(SuiteRunnerWorker.java:96)
at org.testng.TestNG.runSuitesSequentially(TestNG.java:1218)
at org.testng.TestNG.runSuitesLocally(TestNG.java:1140)
at org.testng.TestNG.runSuites(TestNG.java:1069)
at org.testng.TestNG.run(TestNG.java:1037)
at org.testng.remote.AbstractRemoteTestNG.run(AbstractRemoteTestNG.java:115)
at org.testng.remote.RemoteTestNG.initAndRun(RemoteTestNG.java:251)
at org.testng.remote.RemoteTestNG.main(RemoteTestNG.java:77)
]]>
    </error>
  </testcase> <!-- browserLaunching -->
  <system-out/>
  <testcase classname="lynk.Manager.ContactDocumentationTest" name="documentationScreen" time="0.000">
    <skipped/>
  </testcase> <!-- documentationScreen -->
  <system-out/>
</testsuite> <!-- lynk.Manager.ContactDocumentationTest -->
